<?xml version="1.0" encoding="UTF-8"?>
<testng-results skipped="0" failed="0" total="1" passed="1">
  <reporter-output>
  </reporter-output>
  <suite name="Default suite" duration-ms="7676" started-at="2017-01-03T00:44:25Z" finished-at="2017-01-03T00:44:33Z">
    <groups>
    </groups>
    <test name="Default test" duration-ms="7676" started-at="2017-01-03T00:44:25Z" finished-at="2017-01-03T00:44:33Z">
      <class name="test1.mytest">
        <test-method status="PASS" signature="mytest001()[pri:0, instance:test1.mytest@17d99928]" name="mytest001" duration-ms="7663" started-at="2017-01-02T16:44:25Z" finished-at="2017-01-02T16:44:33Z">
          <reporter-output>
          </reporter-output>
        </test-method> <!-- mytest001 -->
      </class> <!-- test1.mytest -->
    </test> <!-- Default test -->
  </suite> <!-- Default suite -->
</testng-results>
